<?xml version="1.0" encoding="UTF-8"?>
<!-- Generated by org.testng.reporters.JUnitReportReporter -->
<testsuite hostname="1KCJ063" failures="0" tests="1" name="AuthExamples.BearerTokenExample" time="3.062" errors="0" timestamp="2024-04-26T14:22:54 MESZ" skipped="0">
  <testcase classname="AuthExamples.BearerTokenExample" name="BearerTest" time="3.062"/>
  <system-out/>
</testsuite> <!-- AuthExamples.BearerTokenExample -->
