<?xml version="1.0" encoding="UTF-8"?>
<!-- Generated by org.testng.reporters.JUnitReportReporter -->
<testsuite hostname="1KCJ063" failures="0" tests="1" name="RestAssured.HeadersValidation" time="2.006" errors="0" timestamp="2024-04-23T00:13:44 MESZ" skipped="0">
  <testcase classname="RestAssured.HeadersValidation" name="headersTest" time="2.006"/>
  <system-out/>
</testsuite> <!-- RestAssured.HeadersValidation -->
