<?xml version="1.0" encoding="UTF-8"?>
<!-- Generated by org.testng.reporters.JUnitReportReporter -->
<testsuite hostname="1KCJ063" failures="0" tests="1" name="RestAssured.ResponseTest" time="2.089" errors="0" timestamp="2024-05-04T18:59:57 MESZ" skipped="0">
  <testcase classname="RestAssured.ResponseTest" name="test" time="2.089"/>
  <system-out/>
</testsuite> <!-- RestAssured.ResponseTest -->
