<?xml version="1.0" encoding="UTF-8"?>
<!-- Generated by org.testng.reporters.JUnitReportReporter -->
<testsuite hostname="1KCJ063" failures="0" tests="1" name="RestAssured.QueryParameterExample" time="2.529" errors="0" timestamp="2024-05-04T18:51:45 MESZ" skipped="0">
  <testcase classname="RestAssured.QueryParameterExample" name="testAPI" time="2.529"/>
  <system-out/>
</testsuite> <!-- RestAssured.QueryParameterExample -->
