<?xml version="1.0" encoding="UTF-8"?>
<!-- Generated by org.testng.reporters.JUnitReportReporter -->
<testsuite hostname="1KCJ063" failures="0" tests="1" name="RestAssured.PutExample" time="1.906" errors="0" timestamp="2024-05-04T22:31:22 MESZ" skipped="0">
  <testcase classname="RestAssured.PutExample" name="putTest" time="1.906"/>
  <system-out/>
</testsuite> <!-- RestAssured.PutExample -->
