<?xml version="1.0" encoding="UTF-8"?>
<!-- Generated by org.testng.reporters.JUnitReportReporter -->
<testsuite hostname="1KCJ063" failures="0" tests="1" name="RestAssured.PostExample" time="4.264" errors="0" timestamp="2024-04-23T00:00:38 MESZ" skipped="0">
  <testcase classname="RestAssured.PostExample" name="postTest" time="4.264"/>
  <system-out/>
</testsuite> <!-- RestAssured.PostExample -->
