<?xml version="1.0" encoding="UTF-8"?>
<!-- Generated by org.testng.reporters.JUnitReportReporter -->
<testsuite hostname="1KCJ063" failures="0" tests="2" name="AuthExamples.OAuth2Example2" time="7.813" errors="0" timestamp="2024-04-27T19:59:19 MESZ" skipped="0">
  <testcase classname="AuthExamples.OAuth2Example2" name="oAuthTest" time="0.481"/>
  <system-out/>
  <testcase classname="AuthExamples.OAuth2Example2" name="getAccessToken" time="7.332"/>
  <system-out/>
</testsuite> <!-- AuthExamples.OAuth2Example2 -->
