<?xml version="1.0" encoding="UTF-8"?>
<!-- Generated by org.testng.reporters.JUnitReportReporter -->
<testsuite hostname="1KCJ063" failures="0" tests="1" name="AuthExamples.DigestAuthExample" time="4.196" errors="0" timestamp="2024-04-27T19:45:14 MESZ" skipped="0">
  <testcase classname="AuthExamples.DigestAuthExample" name="DigestTest" time="4.196"/>
  <system-out/>
</testsuite> <!-- AuthExamples.DigestAuthExample -->
