<?xml version="1.0" encoding="UTF-8"?>
<!-- Generated by org.testng.reporters.JUnitReportReporter -->
<testsuite hostname="1KCJ063" failures="0" tests="1" name="RestAssured.DeleteExample" time="2.227" errors="0" timestamp="2024-05-04T17:25:15 MESZ" skipped="0">
  <testcase classname="RestAssured.DeleteExample" name="deleteAPI" time="2.227"/>
  <system-out/>
</testsuite> <!-- RestAssured.DeleteExample -->
