<?xml version="1.0" encoding="UTF-8"?>
<!-- Generated by org.testng.reporters.JUnitReportReporter -->
<testsuite hostname="1KCJ063" failures="0" tests="1" name="RestAssured.POSTRequest" time="3.628" errors="0" timestamp="2024-05-19T18:29:07 MESZ" skipped="0">
  <testcase classname="RestAssured.POSTRequest" name="PostRequestTest" time="3.628"/>
  <system-out/>
</testsuite> <!-- RestAssured.POSTRequest -->
