<?xml version="1.0" encoding="UTF-8"?>
<!-- Generated by org.testng.reporters.JUnitReportReporter -->
<testsuite hostname="1KCJ063" failures="0" tests="2" name="AuthExamples.BasicAuthExample" time="4.289" errors="0" timestamp="2024-04-26T14:15:21 MESZ" skipped="0">
  <testcase classname="AuthExamples.BasicAuthExample" name="basicAuthPreemptive" time="0.882"/>
  <system-out/>
  <testcase classname="AuthExamples.BasicAuthExample" name="basicAuth" time="3.407"/>
  <system-out/>
</testsuite> <!-- AuthExamples.BasicAuthExample -->
