<?xml version="1.0" encoding="UTF-8"?>
<!-- Generated by org.testng.reporters.JUnitReportReporter -->
<testsuite hostname="1KCJ063" failures="0" tests="2" name="RestAssured.GETRequest" time="5.998" errors="0" timestamp="2024-05-19T16:34:27 MESZ" skipped="0">
  <testcase classname="RestAssured.GETRequest" name="testAPI" time="5.802"/>
  <system-out/>
  <testcase classname="RestAssured.GETRequest" name="testListUsersAPI" time="0.196"/>
  <system-out/>
</testsuite> <!-- RestAssured.GETRequest -->
