<?xml version="1.0" encoding="UTF-8"?>
<!-- Generated by org.testng.reporters.JUnitReportReporter -->
<testsuite hostname="1KCJ063" failures="0" tests="1" name="RestAssured.TestRESTAPI" time="3.954" errors="0" timestamp="2024-05-05T18:51:42 MESZ" skipped="0">
  <testcase classname="RestAssured.TestRESTAPI" name="testListUsersAPI" time="3.954"/>
  <system-out/>
</testsuite> <!-- RestAssured.TestRESTAPI -->
